Arguments: 
  /usr/local/bin/node /usr/local/bin/yarn

PATH: 
  /usr/local/bin:/usr/bin:/bin:/usr/sbin:/sbin

Yarn version: 
  1.22.18

Node version: 
  14.17.0

Platform: 
  darwin x64

Trace: 
  Error: https://registry.yarnpkg.com/react: ETIMEDOUT
      at Timeout._onTimeout (/usr/local/lib/node_modules/yarn/lib/cli.js:141543:19)
      at listOnTimeout (internal/timers.js:555:17)
      at processTimers (internal/timers.js:498:7)

npm manifest: 
  {
    "name": "vite-pro",
    "private": true,
    "version": "0.0.0",
    "scripts": {
      "dev": "vite",
      "build": "tsc && vite build",
      "preview": "vite preview"
    },
    "dependencies": {
      "react": "^18.0.0",
      "react-dom": "^18.0.0"
    },
    "devDependencies": {
      "@types/react": "^18.0.0",
      "@types/react-dom": "^18.0.0",
      "@vitejs/plugin-react": "^1.3.0",
      "typescript": "^4.6.3",
      "vite": "^2.9.9"
    }
  }

yarn manifest: 
  No manifest

Lockfile: 
  No lockfile
